<?xml version="1.0" encoding="UTF-8"?>
<testsuite name="com.example.fibuv2.SearchTest" tests="1" skipped="0" failures="0" errors="0" timestamp="2022-02-01T12:19:26" hostname="DESKTOP-QHAEDH5" time="0.002">
  <properties/>
  <testcase name="ShouldGetSearchTextCorrent()" classname="com.example.fibuv2.SearchTest" time="0.002"/>
  <system-out><![CDATA[]]></system-out>
  <system-err><![CDATA[]]></system-err>
</testsuite>
